2021-10-19 15:06:22.837 [main] INFO  cn.gkq.es.WebStartApplication - Starting WebStartApplication on DESKTOP-8GOUE69 with PID 12084 (D:\workspace\camel-demo\camel-es\target\classes started by GKQ in D:\workspace\camel-demo)
2021-10-19 15:06:22.895 [main] INFO  cn.gkq.es.WebStartApplication - No active profile set, falling back to default profiles: default
2021-10-19 15:06:23.590 [main] INFO  org.springframework.boot.web.embedded.tomcat.TomcatWebServer - Tomcat initialized with port(s): 8098 (http)
2021-10-19 15:06:23.600 [main] INFO  org.apache.coyote.http11.Http11NioProtocol - Initializing ProtocolHandler ["http-nio-8098"]
2021-10-19 15:06:23.616 [main] INFO  org.apache.catalina.core.StandardService - Starting service [Tomcat]
2021-10-19 15:06:23.617 [main] INFO  org.apache.catalina.core.StandardEngine - Starting Servlet engine: [Apache Tomcat/9.0.31]
2021-10-19 15:06:23.694 [main] INFO  org.apache.catalina.core.ContainerBase.[Tomcat].[localhost].[/] - Initializing Spring embedded WebApplicationContext
2021-10-19 15:06:23.694 [main] INFO  org.springframework.web.context.ContextLoader - Root WebApplicationContext: initialization completed in 760 ms
2021-10-19 15:06:23.872 [main] INFO  org.springframework.scheduling.concurrent.ThreadPoolTaskExecutor - Initializing ExecutorService 'applicationTaskExecutor'
2021-10-19 15:06:23.989 [main] INFO  org.apache.coyote.http11.Http11NioProtocol - Starting ProtocolHandler ["http-nio-8098"]
2021-10-19 15:06:24.044 [main] INFO  org.springframework.boot.web.embedded.tomcat.TomcatWebServer - Tomcat started on port(s): 8098 (http) with context path ''
2021-10-19 15:06:24.048 [main] INFO  cn.gkq.es.WebStartApplication - Started WebStartApplication in 1.659 seconds (JVM running for 2.587)
2021-10-19 15:06:24.051 [main] INFO  cn.gkq.es.WebStartApplication - camel platform has started up : [] 
2021-10-19 15:10:08.162 [http-nio-8098-exec-1] INFO  org.apache.catalina.core.ContainerBase.[Tomcat].[localhost].[/] - Initializing Spring DispatcherServlet 'dispatcherServlet'
2021-10-19 15:10:08.162 [http-nio-8098-exec-1] INFO  org.springframework.web.servlet.DispatcherServlet - Initializing Servlet 'dispatcherServlet'
2021-10-19 15:10:08.166 [http-nio-8098-exec-1] INFO  org.springframework.web.servlet.DispatcherServlet - Completed initialization in 4 ms
2021-10-19 15:10:08.193 [http-nio-8098-exec-1] WARN  org.springframework.web.servlet.mvc.support.DefaultHandlerExceptionResolver - Resolved [org.springframework.web.HttpMediaTypeNotSupportedException: Content type 'application/json1;charset=UTF-8' not supported]
2021-10-19 15:10:09.267 [http-nio-8098-exec-4] WARN  org.springframework.web.servlet.mvc.support.DefaultHandlerExceptionResolver - Resolved [org.springframework.web.HttpMediaTypeNotSupportedException: Content type 'application/json1;charset=UTF-8' not supported]
2021-10-19 15:10:10.285 [http-nio-8098-exec-6] WARN  org.springframework.web.servlet.mvc.support.DefaultHandlerExceptionResolver - Resolved [org.springframework.web.HttpMediaTypeNotSupportedException: Content type 'application/json1;charset=UTF-8' not supported]
2021-10-19 15:10:11.295 [http-nio-8098-exec-2] WARN  org.springframework.web.servlet.mvc.support.DefaultHandlerExceptionResolver - Resolved [org.springframework.web.HttpMediaTypeNotSupportedException: Content type 'application/json1;charset=UTF-8' not supported]
2021-10-19 15:14:30.592 [http-nio-8098-exec-10] WARN  org.springframework.web.servlet.mvc.support.DefaultHandlerExceptionResolver - Resolved [org.springframework.web.HttpMediaTypeNotSupportedException: Content type 'application/json1;charset=UTF-8' not supported]
2021-10-19 15:14:31.610 [http-nio-8098-exec-7] WARN  org.springframework.web.servlet.mvc.support.DefaultHandlerExceptionResolver - Resolved [org.springframework.web.HttpMediaTypeNotSupportedException: Content type 'application/json1;charset=UTF-8' not supported]
2021-10-19 15:14:32.619 [http-nio-8098-exec-8] WARN  org.springframework.web.servlet.mvc.support.DefaultHandlerExceptionResolver - Resolved [org.springframework.web.HttpMediaTypeNotSupportedException: Content type 'application/json1;charset=UTF-8' not supported]
2021-10-19 15:14:33.630 [http-nio-8098-exec-9] WARN  org.springframework.web.servlet.mvc.support.DefaultHandlerExceptionResolver - Resolved [org.springframework.web.HttpMediaTypeNotSupportedException: Content type 'application/json1;charset=UTF-8' not supported]
2021-10-19 15:14:53.142 [http-nio-8098-exec-3] WARN  org.springframework.web.servlet.mvc.support.DefaultHandlerExceptionResolver - Resolved [org.springframework.web.HttpMediaTypeNotSupportedException: Content type 'application/json1;charset=UTF-8' not supported]
2021-10-19 15:14:54.158 [http-nio-8098-exec-1] WARN  org.springframework.web.servlet.mvc.support.DefaultHandlerExceptionResolver - Resolved [org.springframework.web.HttpMediaTypeNotSupportedException: Content type 'application/json1;charset=UTF-8' not supported]
2021-10-19 15:14:55.169 [http-nio-8098-exec-4] WARN  org.springframework.web.servlet.mvc.support.DefaultHandlerExceptionResolver - Resolved [org.springframework.web.HttpMediaTypeNotSupportedException: Content type 'application/json1;charset=UTF-8' not supported]
2021-10-19 15:14:56.179 [http-nio-8098-exec-6] WARN  org.springframework.web.servlet.mvc.support.DefaultHandlerExceptionResolver - Resolved [org.springframework.web.HttpMediaTypeNotSupportedException: Content type 'application/json1;charset=UTF-8' not supported]
2021-10-19 15:39:41.075 [http-nio-8098-exec-5] WARN  org.springframework.web.servlet.mvc.support.DefaultHandlerExceptionResolver - Resolved [org.springframework.web.HttpMediaTypeNotSupportedException: Content type 'application/json1;charset=UTF-8' not supported]
2021-10-19 15:39:42.096 [http-nio-8098-exec-10] WARN  org.springframework.web.servlet.mvc.support.DefaultHandlerExceptionResolver - Resolved [org.springframework.web.HttpMediaTypeNotSupportedException: Content type 'application/json1;charset=UTF-8' not supported]
2021-10-19 15:39:43.107 [http-nio-8098-exec-7] WARN  org.springframework.web.servlet.mvc.support.DefaultHandlerExceptionResolver - Resolved [org.springframework.web.HttpMediaTypeNotSupportedException: Content type 'application/json1;charset=UTF-8' not supported]
2021-10-19 15:39:44.122 [http-nio-8098-exec-8] WARN  org.springframework.web.servlet.mvc.support.DefaultHandlerExceptionResolver - Resolved [org.springframework.web.HttpMediaTypeNotSupportedException: Content type 'application/json1;charset=UTF-8' not supported]
2021-10-19 15:40:15.934 [http-nio-8098-exec-9] WARN  org.springframework.web.servlet.mvc.support.DefaultHandlerExceptionResolver - Resolved [org.springframework.web.HttpMediaTypeNotSupportedException: Content type 'application/json1;charset=UTF-8' not supported]
2021-10-19 15:40:16.948 [http-nio-8098-exec-3] WARN  org.springframework.web.servlet.mvc.support.DefaultHandlerExceptionResolver - Resolved [org.springframework.web.HttpMediaTypeNotSupportedException: Content type 'application/json1;charset=UTF-8' not supported]
2021-10-19 15:40:17.961 [http-nio-8098-exec-1] WARN  org.springframework.web.servlet.mvc.support.DefaultHandlerExceptionResolver - Resolved [org.springframework.web.HttpMediaTypeNotSupportedException: Content type 'application/json1;charset=UTF-8' not supported]
2021-10-19 15:40:18.972 [http-nio-8098-exec-4] WARN  org.springframework.web.servlet.mvc.support.DefaultHandlerExceptionResolver - Resolved [org.springframework.web.HttpMediaTypeNotSupportedException: Content type 'application/json1;charset=UTF-8' not supported]
2021-10-19 15:43:12.940 [http-nio-8098-exec-2] WARN  org.springframework.web.servlet.mvc.support.DefaultHandlerExceptionResolver - Resolved [org.springframework.web.HttpMediaTypeNotSupportedException: Content type 'application/json1;charset=UTF-8' not supported]
2021-10-19 15:43:13.954 [http-nio-8098-exec-5] WARN  org.springframework.web.servlet.mvc.support.DefaultHandlerExceptionResolver - Resolved [org.springframework.web.HttpMediaTypeNotSupportedException: Content type 'application/json1;charset=UTF-8' not supported]
2021-10-19 15:43:14.964 [http-nio-8098-exec-10] WARN  org.springframework.web.servlet.mvc.support.DefaultHandlerExceptionResolver - Resolved [org.springframework.web.HttpMediaTypeNotSupportedException: Content type 'application/json1;charset=UTF-8' not supported]
2021-10-19 15:43:15.979 [http-nio-8098-exec-7] WARN  org.springframework.web.servlet.mvc.support.DefaultHandlerExceptionResolver - Resolved [org.springframework.web.HttpMediaTypeNotSupportedException: Content type 'application/json1;charset=UTF-8' not supported]
2021-10-19 15:43:23.953 [http-nio-8098-exec-8] WARN  org.springframework.web.servlet.mvc.support.DefaultHandlerExceptionResolver - Resolved [org.springframework.web.HttpMediaTypeNotSupportedException: Content type 'application/json1;charset=UTF-8' not supported]
2021-10-19 15:43:24.960 [http-nio-8098-exec-9] WARN  org.springframework.web.servlet.mvc.support.DefaultHandlerExceptionResolver - Resolved [org.springframework.web.HttpMediaTypeNotSupportedException: Content type 'application/json1;charset=UTF-8' not supported]
2021-10-19 15:43:25.977 [http-nio-8098-exec-3] WARN  org.springframework.web.servlet.mvc.support.DefaultHandlerExceptionResolver - Resolved [org.springframework.web.HttpMediaTypeNotSupportedException: Content type 'application/json1;charset=UTF-8' not supported]
2021-10-19 15:43:26.988 [http-nio-8098-exec-1] WARN  org.springframework.web.servlet.mvc.support.DefaultHandlerExceptionResolver - Resolved [org.springframework.web.HttpMediaTypeNotSupportedException: Content type 'application/json1;charset=UTF-8' not supported]
2021-10-19 15:48:48.493 [http-nio-8098-exec-6] WARN  org.springframework.web.servlet.mvc.support.DefaultHandlerExceptionResolver - Resolved [org.springframework.web.HttpMediaTypeNotSupportedException: Content type 'application/json1;charset=UTF-8' not supported]
2021-10-19 15:48:49.515 [http-nio-8098-exec-2] WARN  org.springframework.web.servlet.mvc.support.DefaultHandlerExceptionResolver - Resolved [org.springframework.web.HttpMediaTypeNotSupportedException: Content type 'application/json1;charset=UTF-8' not supported]
2021-10-19 15:48:50.531 [http-nio-8098-exec-5] WARN  org.springframework.web.servlet.mvc.support.DefaultHandlerExceptionResolver - Resolved [org.springframework.web.HttpMediaTypeNotSupportedException: Content type 'application/json1;charset=UTF-8' not supported]
2021-10-19 15:48:51.549 [http-nio-8098-exec-10] WARN  org.springframework.web.servlet.mvc.support.DefaultHandlerExceptionResolver - Resolved [org.springframework.web.HttpMediaTypeNotSupportedException: Content type 'application/json1;charset=UTF-8' not supported]
2021-10-19 16:21:02.095 [http-nio-8098-exec-8] WARN  org.springframework.web.servlet.mvc.support.DefaultHandlerExceptionResolver - Resolved [org.springframework.web.HttpMediaTypeNotSupportedException: Content type 'application/json1;charset=UTF-8' not supported]
2021-10-19 16:21:03.108 [http-nio-8098-exec-9] WARN  org.springframework.web.servlet.mvc.support.DefaultHandlerExceptionResolver - Resolved [org.springframework.web.HttpMediaTypeNotSupportedException: Content type 'application/json1;charset=UTF-8' not supported]
2021-10-19 16:21:04.120 [http-nio-8098-exec-3] WARN  org.springframework.web.servlet.mvc.support.DefaultHandlerExceptionResolver - Resolved [org.springframework.web.HttpMediaTypeNotSupportedException: Content type 'application/json1;charset=UTF-8' not supported]
2021-10-19 16:21:05.132 [http-nio-8098-exec-1] WARN  org.springframework.web.servlet.mvc.support.DefaultHandlerExceptionResolver - Resolved [org.springframework.web.HttpMediaTypeNotSupportedException: Content type 'application/json1;charset=UTF-8' not supported]
2021-10-19 16:21:16.516 [http-nio-8098-exec-4] WARN  org.springframework.web.servlet.mvc.support.DefaultHandlerExceptionResolver - Resolved [org.springframework.web.HttpRequestMethodNotSupportedException: Request method 'POST' not supported]
2021-10-19 16:22:30.385 [Thread-5] INFO  org.springframework.scheduling.concurrent.ThreadPoolTaskExecutor - Shutting down ExecutorService 'applicationTaskExecutor'
