2021-10-20 15:25:41.793 [main] INFO  cn.gkq.es.WebStartApplication - Starting WebStartApplication on DESKTOP-8GOUE69 with PID 2496 (D:\workspace\camel-demo\camel-es\target\classes started by GKQ in D:\workspace\camel-demo)
2021-10-20 15:25:41.828 [main] INFO  cn.gkq.es.WebStartApplication - No active profile set, falling back to default profiles: default
2021-10-20 15:25:43.022 [main] INFO  org.springframework.boot.web.embedded.tomcat.TomcatWebServer - Tomcat initialized with port(s): 8098 (http)
2021-10-20 15:25:43.042 [main] INFO  org.apache.coyote.http11.Http11NioProtocol - Initializing ProtocolHandler ["http-nio-8098"]
2021-10-20 15:25:43.054 [main] INFO  org.apache.catalina.core.StandardService - Starting service [Tomcat]
2021-10-20 15:25:43.055 [main] INFO  org.apache.catalina.core.StandardEngine - Starting Servlet engine: [Apache Tomcat/9.0.31]
2021-10-20 15:25:43.196 [main] INFO  org.apache.catalina.core.ContainerBase.[Tomcat].[localhost].[/] - Initializing Spring embedded WebApplicationContext
2021-10-20 15:25:43.196 [main] INFO  org.springframework.web.context.ContextLoader - Root WebApplicationContext: initialization completed in 1331 ms
2021-10-20 15:25:43.564 [main] INFO  org.springframework.scheduling.concurrent.ThreadPoolTaskExecutor - Initializing ExecutorService 'applicationTaskExecutor'
2021-10-20 15:25:43.746 [main] INFO  org.apache.coyote.http11.Http11NioProtocol - Starting ProtocolHandler ["http-nio-8098"]
2021-10-20 15:25:43.771 [main] INFO  org.springframework.boot.web.embedded.tomcat.TomcatWebServer - Tomcat started on port(s): 8098 (http) with context path ''
2021-10-20 15:25:43.775 [main] INFO  cn.gkq.es.WebStartApplication - Started WebStartApplication in 2.476 seconds (JVM running for 3.795)
2021-10-20 15:25:43.779 [main] INFO  cn.gkq.es.WebStartApplication - camel platform has started up : [] 
2021-10-20 15:26:17.114 [http-nio-8098-exec-1] INFO  org.apache.catalina.core.ContainerBase.[Tomcat].[localhost].[/] - Initializing Spring DispatcherServlet 'dispatcherServlet'
2021-10-20 15:26:17.114 [http-nio-8098-exec-1] INFO  org.springframework.web.servlet.DispatcherServlet - Initializing Servlet 'dispatcherServlet'
2021-10-20 15:26:17.125 [http-nio-8098-exec-1] INFO  org.springframework.web.servlet.DispatcherServlet - Completed initialization in 10 ms
2021-10-20 15:26:17.356 [http-nio-8098-exec-2] WARN  org.springframework.web.servlet.mvc.support.DefaultHandlerExceptionResolver - Resolved [org.springframework.web.HttpMediaTypeNotSupportedException: Content type 'text/plain;charset=UTF-8' not supported]
2021-10-20 15:26:18.429 [http-nio-8098-exec-3] WARN  org.springframework.web.servlet.mvc.support.DefaultHandlerExceptionResolver - Resolved [org.springframework.web.HttpMediaTypeNotSupportedException: Content type 'text/plain;charset=UTF-8' not supported]
2021-10-20 15:26:19.449 [http-nio-8098-exec-4] WARN  org.springframework.web.servlet.mvc.support.DefaultHandlerExceptionResolver - Resolved [org.springframework.web.HttpMediaTypeNotSupportedException: Content type 'text/plain;charset=UTF-8' not supported]
2021-10-20 15:26:20.466 [http-nio-8098-exec-7] WARN  org.springframework.web.servlet.mvc.support.DefaultHandlerExceptionResolver - Resolved [org.springframework.web.HttpMediaTypeNotSupportedException: Content type 'text/plain;charset=UTF-8' not supported]
2021-10-20 15:26:20.501 [http-nio-8098-exec-6] WARN  org.springframework.web.servlet.mvc.support.DefaultHandlerExceptionResolver - Resolved [org.springframework.http.converter.HttpMessageNotReadableException: Required request body is missing: public java.lang.String cn.gkq.es.controller.EsController.rollback(cn.gkq.es.controller.ProjectInvokeTraceLog) throws java.lang.Exception]
2021-10-20 15:30:02.535 [http-nio-8098-exec-10] WARN  org.springframework.web.servlet.mvc.support.DefaultHandlerExceptionResolver - Resolved [org.springframework.web.HttpMediaTypeNotSupportedException: Content type 'text/plain;charset=UTF-8' not supported]
2021-10-20 15:30:03.555 [http-nio-8098-exec-1] WARN  org.springframework.web.servlet.mvc.support.DefaultHandlerExceptionResolver - Resolved [org.springframework.web.HttpMediaTypeNotSupportedException: Content type 'text/plain;charset=UTF-8' not supported]
2021-10-20 15:30:04.568 [http-nio-8098-exec-2] WARN  org.springframework.web.servlet.mvc.support.DefaultHandlerExceptionResolver - Resolved [org.springframework.web.HttpMediaTypeNotSupportedException: Content type 'text/plain;charset=UTF-8' not supported]
2021-10-20 15:30:05.584 [http-nio-8098-exec-3] WARN  org.springframework.web.servlet.mvc.support.DefaultHandlerExceptionResolver - Resolved [org.springframework.web.HttpMediaTypeNotSupportedException: Content type 'text/plain;charset=UTF-8' not supported]
2021-10-20 15:30:05.611 [http-nio-8098-exec-4] WARN  org.springframework.web.servlet.mvc.support.DefaultHandlerExceptionResolver - Resolved [org.springframework.http.converter.HttpMessageNotReadableException: Required request body is missing: public java.lang.String cn.gkq.es.controller.EsController.rollback(cn.gkq.es.controller.ProjectInvokeTraceLog) throws java.lang.Exception]
2021-10-20 15:30:32.915 [http-nio-8098-exec-6] WARN  org.springframework.web.servlet.mvc.support.DefaultHandlerExceptionResolver - Resolved [org.springframework.web.HttpMediaTypeNotSupportedException: Content type 'text/plain;charset=UTF-8' not supported]
2021-10-20 15:30:33.937 [http-nio-8098-exec-5] WARN  org.springframework.web.servlet.mvc.support.DefaultHandlerExceptionResolver - Resolved [org.springframework.web.HttpMediaTypeNotSupportedException: Content type 'text/plain;charset=UTF-8' not supported]
2021-10-20 15:30:34.964 [http-nio-8098-exec-8] WARN  org.springframework.web.servlet.mvc.support.DefaultHandlerExceptionResolver - Resolved [org.springframework.web.HttpMediaTypeNotSupportedException: Content type 'text/plain;charset=UTF-8' not supported]
2021-10-20 15:30:35.986 [http-nio-8098-exec-9] WARN  org.springframework.web.servlet.mvc.support.DefaultHandlerExceptionResolver - Resolved [org.springframework.web.HttpMediaTypeNotSupportedException: Content type 'text/plain;charset=UTF-8' not supported]
2021-10-20 15:33:42.712 [http-nio-8098-exec-2] WARN  org.springframework.web.servlet.mvc.support.DefaultHandlerExceptionResolver - Resolved [org.springframework.http.converter.HttpMessageNotReadableException: Required request body is missing: public java.lang.String cn.gkq.es.controller.EsController.rollback(cn.gkq.es.controller.ProjectInvokeTraceLog) throws java.lang.Exception]
2021-10-20 15:45:35.012 [http-nio-8098-exec-4] WARN  org.springframework.web.servlet.mvc.support.DefaultHandlerExceptionResolver - Resolved [org.springframework.web.HttpMediaTypeNotSupportedException: Content type 'text/plain;charset=UTF-8' not supported]
2021-10-20 15:45:36.027 [http-nio-8098-exec-7] WARN  org.springframework.web.servlet.mvc.support.DefaultHandlerExceptionResolver - Resolved [org.springframework.web.HttpMediaTypeNotSupportedException: Content type 'text/plain;charset=UTF-8' not supported]
2021-10-20 15:45:37.036 [http-nio-8098-exec-6] WARN  org.springframework.web.servlet.mvc.support.DefaultHandlerExceptionResolver - Resolved [org.springframework.web.HttpMediaTypeNotSupportedException: Content type 'text/plain;charset=UTF-8' not supported]
2021-10-20 15:45:38.051 [http-nio-8098-exec-5] WARN  org.springframework.web.servlet.mvc.support.DefaultHandlerExceptionResolver - Resolved [org.springframework.web.HttpMediaTypeNotSupportedException: Content type 'text/plain;charset=UTF-8' not supported]
2021-10-20 15:46:06.355 [http-nio-8098-exec-8] WARN  org.springframework.web.servlet.mvc.support.DefaultHandlerExceptionResolver - Resolved [org.springframework.http.converter.HttpMessageNotReadableException: Required request body is missing: public java.lang.String cn.gkq.es.controller.EsController.rollback(cn.gkq.es.controller.ProjectInvokeTraceLog) throws java.lang.Exception]
