2021-11-11 16:14:39.953 [main] INFO  cn.gkq.es.WebStartApplication - Starting WebStartApplication on DESKTOP-8GOUE69 with PID 7176 (D:\workspace\camel-demo\camel-es\target\classes started by GKQ in D:\workspace\camel-demo)
2021-11-11 16:14:39.969 [main] INFO  cn.gkq.es.WebStartApplication - No active profile set, falling back to default profiles: default
2021-11-11 16:14:40.613 [main] INFO  org.springframework.boot.web.embedded.tomcat.TomcatWebServer - Tomcat initialized with port(s): 8098 (http)
2021-11-11 16:14:40.623 [main] INFO  org.apache.coyote.http11.Http11NioProtocol - Initializing ProtocolHandler ["http-nio-8098"]
2021-11-11 16:14:40.631 [main] INFO  org.apache.catalina.core.StandardService - Starting service [Tomcat]
2021-11-11 16:14:40.632 [main] INFO  org.apache.catalina.core.StandardEngine - Starting Servlet engine: [Apache Tomcat/9.0.31]
2021-11-11 16:14:40.709 [main] INFO  org.apache.catalina.core.ContainerBase.[Tomcat].[localhost].[/] - Initializing Spring embedded WebApplicationContext
2021-11-11 16:14:40.709 [main] INFO  org.springframework.web.context.ContextLoader - Root WebApplicationContext: initialization completed in 711 ms
2021-11-11 16:14:40.881 [main] INFO  org.springframework.scheduling.concurrent.ThreadPoolTaskExecutor - Initializing ExecutorService 'applicationTaskExecutor'
2021-11-11 16:14:40.996 [main] INFO  org.apache.coyote.http11.Http11NioProtocol - Starting ProtocolHandler ["http-nio-8098"]
2021-11-11 16:14:41.053 [main] INFO  org.springframework.boot.web.embedded.tomcat.TomcatWebServer - Tomcat started on port(s): 8098 (http) with context path ''
2021-11-11 16:14:41.056 [main] INFO  cn.gkq.es.WebStartApplication - Started WebStartApplication in 1.42 seconds (JVM running for 2.266)
2021-11-11 16:14:41.058 [main] INFO  cn.gkq.es.WebStartApplication - camel platform has started up : [] 
2021-11-11 16:16:40.861 [http-nio-8098-exec-1] INFO  org.apache.catalina.core.ContainerBase.[Tomcat].[localhost].[/] - Initializing Spring DispatcherServlet 'dispatcherServlet'
2021-11-11 16:16:40.861 [http-nio-8098-exec-1] INFO  org.springframework.web.servlet.DispatcherServlet - Initializing Servlet 'dispatcherServlet'
2021-11-11 16:16:40.866 [http-nio-8098-exec-1] INFO  org.springframework.web.servlet.DispatcherServlet - Completed initialization in 5 ms
2021-11-11 16:16:40.887 [http-nio-8098-exec-1] WARN  org.springframework.web.servlet.mvc.support.DefaultHandlerExceptionResolver - Resolved [org.springframework.web.bind.MissingServletRequestParameterException: Required String parameter 'id' is not present]
2021-11-11 16:16:47.447 [http-nio-8098-exec-3] WARN  org.springframework.web.servlet.mvc.support.DefaultHandlerExceptionResolver - Resolved [org.springframework.web.bind.MissingServletRequestParameterException: Required String parameter 'id' is not present]
2021-11-11 16:17:05.642 [http-nio-8098-exec-2] WARN  org.springframework.web.servlet.mvc.support.DefaultHandlerExceptionResolver - Resolved [org.springframework.web.bind.MissingServletRequestParameterException: Required String parameter 'id' is not present]
2021-11-11 16:17:52.243 [http-nio-8098-exec-4] WARN  org.springframework.web.servlet.mvc.support.DefaultHandlerExceptionResolver - Resolved [org.springframework.web.bind.MissingServletRequestParameterException: Required String parameter 'id' is not present]
2021-11-11 16:20:30.306 [http-nio-8098-exec-9] WARN  org.springframework.web.servlet.mvc.support.DefaultHandlerExceptionResolver - Resolved [org.springframework.web.bind.MissingServletRequestParameterException: Required String parameter 'id' is not present]
2021-11-11 16:20:39.191 [Thread-5] INFO  org.springframework.scheduling.concurrent.ThreadPoolTaskExecutor - Shutting down ExecutorService 'applicationTaskExecutor'
