2021-11-04 10:08:39.735 [main] INFO  cn.gkq.es.WebStartApplication - Starting WebStartApplication on DESKTOP-8GOUE69 with PID 14652 (D:\workspace\camel-demo\camel-es\target\classes started by GKQ in D:\workspace\camel-demo)
2021-11-04 10:08:39.761 [main] INFO  cn.gkq.es.WebStartApplication - No active profile set, falling back to default profiles: default
2021-11-04 10:08:40.395 [main] INFO  org.springframework.boot.web.embedded.tomcat.TomcatWebServer - Tomcat initialized with port(s): 8098 (http)
2021-11-04 10:08:40.410 [main] INFO  org.apache.coyote.http11.Http11NioProtocol - Initializing ProtocolHandler ["http-nio-8098"]
2021-11-04 10:08:40.429 [main] INFO  org.apache.catalina.core.StandardService - Starting service [Tomcat]
2021-11-04 10:08:40.429 [main] INFO  org.apache.catalina.core.StandardEngine - Starting Servlet engine: [Apache Tomcat/9.0.31]
2021-11-04 10:08:40.511 [main] INFO  org.apache.catalina.core.ContainerBase.[Tomcat].[localhost].[/] - Initializing Spring embedded WebApplicationContext
2021-11-04 10:08:40.511 [main] INFO  org.springframework.web.context.ContextLoader - Root WebApplicationContext: initialization completed in 734 ms
2021-11-04 10:08:40.674 [main] INFO  org.springframework.scheduling.concurrent.ThreadPoolTaskExecutor - Initializing ExecutorService 'applicationTaskExecutor'
2021-11-04 10:08:40.790 [main] INFO  org.apache.coyote.http11.Http11NioProtocol - Starting ProtocolHandler ["http-nio-8098"]
2021-11-04 10:08:40.795 [main] INFO  org.springframework.boot.web.embedded.tomcat.TomcatWebServer - Tomcat started on port(s): 8098 (http) with context path ''
2021-11-04 10:08:40.795 [main] INFO  cn.gkq.es.WebStartApplication - Started WebStartApplication in 1.372 seconds (JVM running for 2.356)
2021-11-04 10:08:40.811 [main] INFO  cn.gkq.es.WebStartApplication - camel platform has started up : [] 
2021-11-04 10:08:46.612 [http-nio-8098-exec-1] INFO  org.apache.catalina.core.ContainerBase.[Tomcat].[localhost].[/] - Initializing Spring DispatcherServlet 'dispatcherServlet'
2021-11-04 10:08:46.612 [http-nio-8098-exec-1] INFO  org.springframework.web.servlet.DispatcherServlet - Initializing Servlet 'dispatcherServlet'
2021-11-04 10:08:46.612 [http-nio-8098-exec-1] INFO  org.springframework.web.servlet.DispatcherServlet - Completed initialization in 0 ms
2021-11-04 10:08:46.623 [http-nio-8098-exec-1] WARN  org.springframework.web.servlet.mvc.support.DefaultHandlerExceptionResolver - Resolved [org.springframework.web.bind.MissingServletRequestParameterException: Required DataQuery parameter 'dataQuery' is not present]
2021-11-04 10:19:20.009 [http-nio-8098-exec-3] WARN  org.springframework.web.servlet.mvc.support.DefaultHandlerExceptionResolver - Resolved [org.springframework.web.bind.MissingServletRequestParameterException: Required DataQuery parameter 'dataQuery' is not present]
2021-11-04 10:19:40.721 [http-nio-8098-exec-5] WARN  org.springframework.web.servlet.mvc.support.DefaultHandlerExceptionResolver - Resolved [org.springframework.web.bind.MissingServletRequestParameterException: Required DataQuery parameter 'dataQuery' is not present]
2021-11-04 10:19:48.414 [http-nio-8098-exec-6] WARN  org.springframework.web.servlet.mvc.support.DefaultHandlerExceptionResolver - Resolved [org.springframework.web.bind.MissingServletRequestParameterException: Required DataQuery parameter 'dataQuery' is not present]
2021-11-04 10:20:17.197 [Thread-5] INFO  org.springframework.scheduling.concurrent.ThreadPoolTaskExecutor - Shutting down ExecutorService 'applicationTaskExecutor'
