2021-08-04 17:19:05.523 [http-nio-8098-exec-1] ERROR org.apache.catalina.core.ContainerBase.[Tomcat].[localhost].[/].[dispatcherServlet] - Servlet.service() for servlet [dispatcherServlet] in context with path [] threw exception [Request processing failed; nested exception is org.frameworkset.elasticsearch.ElasticSearchException: {"error":{"root_cause":[{"type":"x_content_parse_exception","reason":"[14:64] [bool] failed to parse field [must]"}],"type":"x_content_parse_exception","reason":"[14:64] [bool] failed to parse field [must]","caused_by":{"type":"json_parse_exception","reason":"Unrecognized token 'aaaaaaaaaaaaa': was expecting (JSON String, Number, Array, Object or token 'null', 'true' or 'false')\n at [Source: (org.elasticsearch.common.io.stream.ByteBufferStreamInput); line: 14, column: 78]"}},"status":400}] with root cause
org.frameworkset.elasticsearch.ElasticSearchException: {"error":{"root_cause":[{"type":"x_content_parse_exception","reason":"[14:64] [bool] failed to parse field [must]"}],"type":"x_content_parse_exception","reason":"[14:64] [bool] failed to parse field [must]","caused_by":{"type":"json_parse_exception","reason":"Unrecognized token 'aaaaaaaaaaaaa': was expecting (JSON String, Number, Array, Object or token 'null', 'true' or 'false')\n at [Source: (org.elasticsearch.common.io.stream.ByteBufferStreamInput); line: 14, column: 78]"}},"status":400}
	at org.frameworkset.elasticsearch.handler.BaseExceptionResponseHandler.handleException(BaseExceptionResponseHandler.java:77) ~[bboss-elasticsearch-rest-6.3.0.jar:?]
	at org.frameworkset.elasticsearch.handler.BaseExceptionResponseHandler.handleException(BaseExceptionResponseHandler.java:48) ~[bboss-elasticsearch-rest-6.3.0.jar:?]
	at org.frameworkset.elasticsearch.handler.ElasticSearchResponseHandler.handleResponse(ElasticSearchResponseHandler.java:61) ~[bboss-elasticsearch-rest-6.3.0.jar:?]
	at org.frameworkset.elasticsearch.handler.ElasticSearchResponseHandler.handleResponse(ElasticSearchResponseHandler.java:16) ~[bboss-elasticsearch-rest-6.3.0.jar:?]
	at org.apache.http.impl.client.CloseableHttpClient.execute(CloseableHttpClient.java:223) ~[httpclient-4.5.11.jar:4.5.11]
	at org.apache.http.impl.client.CloseableHttpClient.execute(CloseableHttpClient.java:165) ~[httpclient-4.5.11.jar:4.5.11]
	at org.apache.http.impl.client.CloseableHttpClient.execute(CloseableHttpClient.java:140) ~[httpclient-4.5.11.jar:4.5.11]
	at org.frameworkset.spi.remote.http.HttpRequestUtil.sendBody(HttpRequestUtil.java:1285) ~[bboss-http-5.8.6.jar:?]
	at org.frameworkset.spi.remote.http.HttpRequestUtil.sendJsonBody(HttpRequestUtil.java:1264) ~[bboss-http-5.8.6.jar:?]
	at org.frameworkset.elasticsearch.client.RestSearchExecutorUtil._executeRequest(RestSearchExecutorUtil.java:103) ~[bboss-elasticsearch-rest-6.3.0.jar:?]
	at org.frameworkset.elasticsearch.client.RestSearchExecutor.executeRequest(RestSearchExecutor.java:242) ~[bboss-elasticsearch-rest-6.3.0.jar:?]
	at org.frameworkset.elasticsearch.client.ElasticSearchRestClient$5.execute(ElasticSearchRestClient.java:1244) ~[bboss-elasticsearch-rest-6.3.0.jar:?]
	at org.frameworkset.elasticsearch.client.ElasticSearchRestClient._executeHttp(ElasticSearchRestClient.java:899) ~[bboss-elasticsearch-rest-6.3.0.jar:?]
	at org.frameworkset.elasticsearch.client.ElasticSearchRestClient.executeRequest(ElasticSearchRestClient.java:1229) ~[bboss-elasticsearch-rest-6.3.0.jar:?]
	at org.frameworkset.elasticsearch.client.ElasticSearchRestClient.executeRequest(ElasticSearchRestClient.java:1212) ~[bboss-elasticsearch-rest-6.3.0.jar:?]
	at org.frameworkset.elasticsearch.client.RestClientUtil.searchList(RestClientUtil.java:2828) ~[bboss-elasticsearch-rest-6.3.0.jar:?]
	at org.frameworkset.elasticsearch.client.ConfigRestClientUtil.searchList(ConfigRestClientUtil.java:625) ~[bboss-elasticsearch-rest-6.3.0.jar:?]
	at cn.gkq.es.controller.EsController.query(EsController.java:49) ~[classes/:?]
	at sun.reflect.NativeMethodAccessorImpl.invoke0(Native Method) ~[?:1.8.0_221]
	at sun.reflect.NativeMethodAccessorImpl.invoke(NativeMethodAccessorImpl.java:62) ~[?:1.8.0_221]
	at sun.reflect.DelegatingMethodAccessorImpl.invoke(DelegatingMethodAccessorImpl.java:43) ~[?:1.8.0_221]
	at java.lang.reflect.Method.invoke(Method.java:498) ~[?:1.8.0_221]
	at org.springframework.web.method.support.InvocableHandlerMethod.doInvoke(InvocableHandlerMethod.java:190) ~[spring-web-5.1.14.RELEASE.jar:5.1.14.RELEASE]
	at org.springframework.web.method.support.InvocableHandlerMethod.invokeForRequest(InvocableHandlerMethod.java:138) ~[spring-web-5.1.14.RELEASE.jar:5.1.14.RELEASE]
	at org.springframework.web.servlet.mvc.method.annotation.ServletInvocableHandlerMethod.invokeAndHandle(ServletInvocableHandlerMethod.java:105) ~[spring-webmvc-5.1.14.RELEASE.jar:5.1.14.RELEASE]
	at org.springframework.web.servlet.mvc.method.annotation.RequestMappingHandlerAdapter.invokeHandlerMethod(RequestMappingHandlerAdapter.java:893) ~[spring-webmvc-5.1.14.RELEASE.jar:5.1.14.RELEASE]
	at org.springframework.web.servlet.mvc.method.annotation.RequestMappingHandlerAdapter.handleInternal(RequestMappingHandlerAdapter.java:798) ~[spring-webmvc-5.1.14.RELEASE.jar:5.1.14.RELEASE]
	at org.springframework.web.servlet.mvc.method.AbstractHandlerMethodAdapter.handle(AbstractHandlerMethodAdapter.java:87) ~[spring-webmvc-5.1.14.RELEASE.jar:5.1.14.RELEASE]
	at org.springframework.web.servlet.DispatcherServlet.doDispatch(DispatcherServlet.java:1040) ~[spring-webmvc-5.1.14.RELEASE.jar:5.1.14.RELEASE]
	at org.springframework.web.servlet.DispatcherServlet.doService(DispatcherServlet.java:943) ~[spring-webmvc-5.1.14.RELEASE.jar:5.1.14.RELEASE]
	at org.springframework.web.servlet.FrameworkServlet.processRequest(FrameworkServlet.java:1006) ~[spring-webmvc-5.1.14.RELEASE.jar:5.1.14.RELEASE]
	at org.springframework.web.servlet.FrameworkServlet.doPost(FrameworkServlet.java:909) ~[spring-webmvc-5.1.14.RELEASE.jar:5.1.14.RELEASE]
	at javax.servlet.http.HttpServlet.service(HttpServlet.java:660) ~[tomcat-embed-core-9.0.31.jar:9.0.31]
	at org.springframework.web.servlet.FrameworkServlet.service(FrameworkServlet.java:883) ~[spring-webmvc-5.1.14.RELEASE.jar:5.1.14.RELEASE]
	at javax.servlet.http.HttpServlet.service(HttpServlet.java:741) ~[tomcat-embed-core-9.0.31.jar:9.0.31]
	at org.apache.catalina.core.ApplicationFilterChain.internalDoFilter(ApplicationFilterChain.java:231) ~[tomcat-embed-core-9.0.31.jar:9.0.31]
	at org.apache.catalina.core.ApplicationFilterChain.doFilter(ApplicationFilterChain.java:166) ~[tomcat-embed-core-9.0.31.jar:9.0.31]
	at org.apache.tomcat.websocket.server.WsFilter.doFilter(WsFilter.java:53) ~[tomcat-embed-websocket-9.0.31.jar:9.0.31]
	at org.apache.catalina.core.ApplicationFilterChain.internalDoFilter(ApplicationFilterChain.java:193) ~[tomcat-embed-core-9.0.31.jar:9.0.31]
	at org.apache.catalina.core.ApplicationFilterChain.doFilter(ApplicationFilterChain.java:166) ~[tomcat-embed-core-9.0.31.jar:9.0.31]
	at org.springframework.web.filter.RequestContextFilter.doFilterInternal(RequestContextFilter.java:100) ~[spring-web-5.1.14.RELEASE.jar:5.1.14.RELEASE]
	at org.springframework.web.filter.OncePerRequestFilter.doFilter(OncePerRequestFilter.java:119) ~[spring-web-5.1.14.RELEASE.jar:5.1.14.RELEASE]
	at org.apache.catalina.core.ApplicationFilterChain.internalDoFilter(ApplicationFilterChain.java:193) ~[tomcat-embed-core-9.0.31.jar:9.0.31]
	at org.apache.catalina.core.ApplicationFilterChain.doFilter(ApplicationFilterChain.java:166) ~[tomcat-embed-core-9.0.31.jar:9.0.31]
	at org.springframework.web.filter.FormContentFilter.doFilterInternal(FormContentFilter.java:93) ~[spring-web-5.1.14.RELEASE.jar:5.1.14.RELEASE]
	at org.springframework.web.filter.OncePerRequestFilter.doFilter(OncePerRequestFilter.java:119) ~[spring-web-5.1.14.RELEASE.jar:5.1.14.RELEASE]
	at org.apache.catalina.core.ApplicationFilterChain.internalDoFilter(ApplicationFilterChain.java:193) ~[tomcat-embed-core-9.0.31.jar:9.0.31]
	at org.apache.catalina.core.ApplicationFilterChain.doFilter(ApplicationFilterChain.java:166) ~[tomcat-embed-core-9.0.31.jar:9.0.31]
	at org.springframework.web.filter.HiddenHttpMethodFilter.doFilterInternal(HiddenHttpMethodFilter.java:94) ~[spring-web-5.1.14.RELEASE.jar:5.1.14.RELEASE]
	at org.springframework.web.filter.OncePerRequestFilter.doFilter(OncePerRequestFilter.java:119) ~[spring-web-5.1.14.RELEASE.jar:5.1.14.RELEASE]
	at org.apache.catalina.core.ApplicationFilterChain.internalDoFilter(ApplicationFilterChain.java:193) ~[tomcat-embed-core-9.0.31.jar:9.0.31]
	at org.apache.catalina.core.ApplicationFilterChain.doFilter(ApplicationFilterChain.java:166) ~[tomcat-embed-core-9.0.31.jar:9.0.31]
	at org.springframework.web.filter.CharacterEncodingFilter.doFilterInternal(CharacterEncodingFilter.java:201) ~[spring-web-5.1.14.RELEASE.jar:5.1.14.RELEASE]
	at org.springframework.web.filter.OncePerRequestFilter.doFilter(OncePerRequestFilter.java:119) ~[spring-web-5.1.14.RELEASE.jar:5.1.14.RELEASE]
	at org.apache.catalina.core.ApplicationFilterChain.internalDoFilter(ApplicationFilterChain.java:193) ~[tomcat-embed-core-9.0.31.jar:9.0.31]
	at org.apache.catalina.core.ApplicationFilterChain.doFilter(ApplicationFilterChain.java:166) ~[tomcat-embed-core-9.0.31.jar:9.0.31]
	at org.apache.catalina.core.StandardWrapperValve.invoke(StandardWrapperValve.java:202) [tomcat-embed-core-9.0.31.jar:9.0.31]
	at org.apache.catalina.core.StandardContextValve.invoke(StandardContextValve.java:96) [tomcat-embed-core-9.0.31.jar:9.0.31]
	at org.apache.catalina.authenticator.AuthenticatorBase.invoke(AuthenticatorBase.java:541) [tomcat-embed-core-9.0.31.jar:9.0.31]
	at org.apache.catalina.core.StandardHostValve.invoke(StandardHostValve.java:139) [tomcat-embed-core-9.0.31.jar:9.0.31]
	at org.apache.catalina.valves.ErrorReportValve.invoke(ErrorReportValve.java:92) [tomcat-embed-core-9.0.31.jar:9.0.31]
	at org.apache.catalina.core.StandardEngineValve.invoke(StandardEngineValve.java:74) [tomcat-embed-core-9.0.31.jar:9.0.31]
	at org.apache.catalina.connector.CoyoteAdapter.service(CoyoteAdapter.java:343) [tomcat-embed-core-9.0.31.jar:9.0.31]
	at org.apache.coyote.http11.Http11Processor.service(Http11Processor.java:367) [tomcat-embed-core-9.0.31.jar:9.0.31]
	at org.apache.coyote.AbstractProcessorLight.process(AbstractProcessorLight.java:65) [tomcat-embed-core-9.0.31.jar:9.0.31]
	at org.apache.coyote.AbstractProtocol$ConnectionHandler.process(AbstractProtocol.java:868) [tomcat-embed-core-9.0.31.jar:9.0.31]
	at org.apache.tomcat.util.net.NioEndpoint$SocketProcessor.doRun(NioEndpoint.java:1639) [tomcat-embed-core-9.0.31.jar:9.0.31]
	at org.apache.tomcat.util.net.SocketProcessorBase.run(SocketProcessorBase.java:49) [tomcat-embed-core-9.0.31.jar:9.0.31]
	at java.util.concurrent.ThreadPoolExecutor.runWorker(ThreadPoolExecutor.java:1149) [?:1.8.0_221]
	at java.util.concurrent.ThreadPoolExecutor$Worker.run(ThreadPoolExecutor.java:624) [?:1.8.0_221]
	at org.apache.tomcat.util.threads.TaskThread$WrappingRunnable.run(TaskThread.java:61) [tomcat-embed-core-9.0.31.jar:9.0.31]
	at java.lang.Thread.run(Thread.java:748) [?:1.8.0_221]
